<?xml version="1.0" encoding="UTF-8"?>
<!-- Generated by org.testng.reporters.JUnitReportReporter -->
<testsuite hostname="LAPTOP-CQ987UJH" failures="0" tests="2" name="section_4_TestN_DependencyGrouping.PaymentTestfor_Grouping" time="0.008" errors="0" timestamp="2024-05-29T16:35:20 IST" skipped="0">
  <testcase classname="section_4_TestN_DependencyGrouping.PaymentTestfor_Grouping" name="paymentinRupees" time="0.008"/>
  <system-out/>
  <testcase classname="section_4_TestN_DependencyGrouping.PaymentTestfor_Grouping" name="paymentinDollars" time="0.000"/>
  <system-out/>
</testsuite> <!-- section_4_TestN_DependencyGrouping.PaymentTestfor_Grouping -->
