<?xml version="1.0" encoding="UTF-8"?>
<!-- Generated by org.testng.reporters.JUnitReportReporter -->
<testsuite hostname="LAPTOP-CQ987UJH" failures="0" tests="2" name="Section5_2_TestNG_beforeAfterTest_suite.Class3" time="0.004" errors="0" timestamp="2024-05-28T20:00:11 IST" skipped="0">
  <testcase classname="Section5_2_TestNG_beforeAfterTest_suite.Class3" name="pqr" time="0.002"/>
  <system-out/>
  <testcase classname="Section5_2_TestNG_beforeAfterTest_suite.Class3" name="pqr" time="0.002"/>
  <system-out/>
</testsuite> <!-- Section5_2_TestNG_beforeAfterTest_suite.Class3 -->
