<?xml version="1.0" encoding="UTF-8"?>
<!-- Generated by org.testng.reporters.JUnitReportReporter -->
<testsuite hostname="LAPTOP-CQ987UJH" failures="0" tests="3" name="Section5_TestNG.FirstTest" time="0.012" errors="0" timestamp="2024-05-28T15:10:49 IST" skipped="0">
  <testcase classname="Section5_TestNG.FirstTest" name="B" time="0.010"/>
  <system-out/>
  <testcase classname="Section5_TestNG.FirstTest" name="A" time="0.000"/>
  <system-out/>
  <testcase classname="Section5_TestNG.FirstTest" name="C" time="0.002"/>
  <system-out/>
</testsuite> <!-- Section5_TestNG.FirstTest -->
