<?xml version="1.0" encoding="UTF-8"?>
<!-- Generated by org.testng.reporters.JUnitReportReporter -->
<testsuite hostname="LAPTOP-CQ987UJH" failures="0" tests="3" name="Section5_TestNG.SecondTest" time="5.303" errors="0" timestamp="2024-05-28T13:54:59 IST" skipped="0">
  <testcase classname="Section5_TestNG.SecondTest" name="openApp" time="4.191"/>
  <system-out/>
  <testcase classname="Section5_TestNG.SecondTest" name="login" time="0.778"/>
  <system-out/>
  <testcase classname="Section5_TestNG.SecondTest" name="closeApp" time="0.334"/>
  <system-out/>
</testsuite> <!-- Section5_TestNG.SecondTest -->
