<?xml version="1.0" encoding="UTF-8"?>
<!-- Generated by org.testng.reporters.JUnitReportReporter -->
<testsuite hostname="LAPTOP-CQ987UJH" failures="0" tests="2" name="Section5_TestNG.AnnotationDemo2" time="0.008" errors="0" timestamp="2024-05-28T18:41:51 IST" skipped="0">
  <testcase classname="Section5_TestNG.AnnotationDemo2" name="search" time="0.007"/>
  <system-out/>
  <testcase classname="Section5_TestNG.AnnotationDemo2" name="advancedSearch" time="0.001"/>
  <system-out/>
</testsuite> <!-- Section5_TestNG.AnnotationDemo2 -->
