<?xml version="1.0" encoding="UTF-8"?>
<!-- Generated by org.testng.reporters.JUnitReportReporter -->
<testsuite hostname="LAPTOP-CQ987UJH" failures="0" tests="1" name="Section5_2_TestNG_beforeAfterTest.Class1" time="0.007" errors="0" timestamp="2024-05-28T19:40:04 IST" skipped="0">
  <testcase classname="Section5_2_TestNG_beforeAfterTest.Class1" name="abc" time="0.007"/>
  <system-out/>
</testsuite> <!-- Section5_2_TestNG_beforeAfterTest.Class1 -->
