<?xml version="1.0" encoding="UTF-8"?>
<!-- Generated by org.testng.reporters.JUnitReportReporter -->
<testsuite hostname="LAPTOP-CQ987UJH" failures="0" tests="3" name="section_4_TestN_DependencyGrouping.LoginTestfor_Grouping" time="0.009" errors="0" timestamp="2024-05-29T16:36:56 IST" skipped="0">
  <testcase classname="section_4_TestN_DependencyGrouping.LoginTestfor_Grouping" name="loginByEmail" time="0.007"/>
  <system-out/>
  <testcase classname="section_4_TestN_DependencyGrouping.LoginTestfor_Grouping" name="loginByFacebook" time="0.001"/>
  <system-out/>
  <testcase classname="section_4_TestN_DependencyGrouping.LoginTestfor_Grouping" name="loginBytwitter" time="0.001"/>
  <system-out/>
</testsuite> <!-- section_4_TestN_DependencyGrouping.LoginTestfor_Grouping -->
