<?xml version="1.0" encoding="UTF-8"?>
<!-- Generated by org.testng.reporters.JUnitReportReporter -->
<testsuite hostname="LAPTOP-CQ987UJH" failures="0" tests="3" name="section_4_TestN_DependencyGrouping.SignupTestfor_Grouping" time="0.013" errors="0" timestamp="2024-05-29T16:03:58 IST" skipped="0">
  <testcase classname="section_4_TestN_DependencyGrouping.SignupTestfor_Grouping" name="signupByEmail" time="0.011"/>
  <system-out/>
  <testcase classname="section_4_TestN_DependencyGrouping.SignupTestfor_Grouping" name="signupByFacebook" time="0.001"/>
  <system-out/>
  <testcase classname="section_4_TestN_DependencyGrouping.SignupTestfor_Grouping" name="signupBytwitter" time="0.001"/>
  <system-out/>
</testsuite> <!-- section_4_TestN_DependencyGrouping.SignupTestfor_Grouping -->
