<?xml version="1.0" encoding="UTF-8"?>
<!-- Generated by org.testng.reporters.JUnitReportReporter -->
<testsuite hostname="LAPTOP-CQ987UJH" failures="0" tests="1" name="Section5_3_AssertionDemo.HardAssertion" time="0.008" errors="0" timestamp="2024-05-29T01:39:20 IST" skipped="0">
  <testcase classname="Section5_3_AssertionDemo.HardAssertion" name="test" time="0.008"/>
  <system-out/>
</testsuite> <!-- Section5_3_AssertionDemo.HardAssertion -->
