<?xml version="1.0" encoding="UTF-8"?>
<!-- Generated by org.testng.reporters.JUnitReportReporter -->
<testsuite hostname="LAPTOP-CQ987UJH" failures="0" tests="2" name="Section5_TestNG.AllAnnotation" time="0.009" errors="0" timestamp="2024-05-28T21:03:34 IST" skipped="0">
  <testcase classname="Section5_TestNG.AllAnnotation" name="tm1" time="0.005"/>
  <system-out/>
  <testcase classname="Section5_TestNG.AllAnnotation" name="tm2" time="0.004"/>
  <system-out/>
</testsuite> <!-- Section5_TestNG.AllAnnotation -->
